Arguments: 
  /usr/local/Cellar/node/15.14.0/bin/node /usr/local/Cellar/yarn/1.22.10/libexec/bin/yarn.js add @material-ui/core/Button

PATH: 
  /anaconda3/bin:/usr/local/bin:/usr/bin:/bin:/usr/sbin:/sbin:/usr/local/share/dotnet:~/.dotnet/tools:/Library/Apple/usr/bin:/Library/Frameworks/Mono.framework/Versions/Current/Commands:/Applications/Xamarin Workbooks.app/Contents/SharedSupport/path-bin:/usr/local/Cellar/python/3.7.0/Frameworks/Python.framework/Versions/3.7/bin

Yarn version: 
  1.22.10

Node version: 
  15.14.0

Platform: 
  darwin x64

Trace: 
  Error: https://registry.yarnpkg.com/@material-ui%2fcore/Button: Request "https://registry.yarnpkg.com/@material-ui%2fcore/Button" returned a 405
      at Request.params.callback [as _callback] (/usr/local/Cellar/yarn/1.22.10/libexec/lib/cli.js:66997:18)
      at Request.self.callback (/usr/local/Cellar/yarn/1.22.10/libexec/lib/cli.js:140749:22)
      at Request.emit (node:events:369:20)
      at Request.<anonymous> (/usr/local/Cellar/yarn/1.22.10/libexec/lib/cli.js:141721:10)
      at Request.emit (node:events:369:20)
      at IncomingMessage.<anonymous> (/usr/local/Cellar/yarn/1.22.10/libexec/lib/cli.js:141643:12)
      at Object.onceWrapper (node:events:475:28)
      at IncomingMessage.emit (node:events:381:22)
      at endReadableNT (node:internal/streams/readable:1307:12)
      at processTicksAndRejections (node:internal/process/task_queues:81:21)

npm manifest: 
  {
    "name": "chat-tmp",
    "version": "1.0.0",
    "main": "index.js",
    "license": "MIT",
    "scripts": {
      "start": "cd frontend && yarn start",
      "server": "cd backend && yarn server"
    },
    "devDependencies": {
      "@babel/cli": "^7.13.16",
      "@babel/core": "^7.14.2",
      "@babel/node": "^7.14.2",
      "@babel/preset-env": "^7.14.2",
      "nodemon": "^2.0.7"
    }
  }

yarn manifest: 
  No manifest

Lockfile: 
  No lockfile
